19:46:59 INFO  : Registering command handlers for SDK TCF services
19:47:00 INFO  : Launching XSCT server: xsct.bat -interactive C:\Users\davle\Documents\UBA\CESE\MyS\MyS_tp_FPGA\synth\NCO_tp\NCO_tp.sdk\temp_xsdb_launch_script.tcl
19:47:03 INFO  : XSCT server has started successfully.
19:47:06 INFO  : Successfully done setting XSCT server connection channel  
19:47:06 INFO  : Successfully done setting SDK workspace  
19:47:06 INFO  : Processing command line option -hwspec C:/Users/davle/Documents/UBA/CESE/MyS/MyS_tp_FPGA/synth/NCO_tp/NCO_tp.sdk/system_wrapper.hdf.
21:03:03 INFO  : Connected to target on host '127.0.0.1' and port '3121'.
21:03:04 INFO  : 'targets -set -filter {jtag_cable_name =~ "Digilent Arty Z7 003017BB0A78A" && level==0} -index 1' command is executed.
21:03:05 INFO  : FPGA configured successfully with bitstream "C:/Users/davle/Documents/UBA/CESE/MyS/MyS_tp_FPGA/synth/NCO_tp/NCO_tp.sdk/system_wrapper_hw_platform_0/system_wrapper.bit"
21:03:39 INFO  : 'targets -set -filter {jtag_cable_name =~ "Digilent Arty Z7 003017BB0A78A" && level==0} -index 1' command is executed.
21:03:39 INFO  : 'fpga -state' command is executed.
21:03:39 INFO  : Connected to target on host '127.0.0.1' and port '3121'.
21:03:39 INFO  : Jtag cable 'Digilent Arty Z7 003017BB0A78A' is selected.
21:03:39 INFO  : 'jtag frequency' command is executed.
21:03:39 INFO  : Sourcing of 'C:/Users/davle/Documents/UBA/CESE/MyS/MyS_tp_FPGA/synth/NCO_tp/NCO_tp.sdk/system_wrapper_hw_platform_0/ps7_init.tcl' is done.
21:03:39 INFO  : Context for 'APU' is selected.
21:03:39 INFO  : Hardware design information is loaded from 'C:/Users/davle/Documents/UBA/CESE/MyS/MyS_tp_FPGA/synth/NCO_tp/NCO_tp.sdk/system_wrapper_hw_platform_0/system.hdf'.
21:03:39 INFO  : 'configparams force-mem-access 1' command is executed.
21:03:39 INFO  : Context for 'APU' is selected.
21:03:39 INFO  : 'stop' command is executed.
21:03:40 INFO  : 'ps7_init' command is executed.
21:03:40 INFO  : 'ps7_post_config' command is executed.
21:03:40 INFO  : Context for processor 'ps7_cortexa9_0' is selected.
21:03:40 INFO  : Processor reset is completed for 'ps7_cortexa9_0'.
21:03:40 INFO  : Context for processor 'ps7_cortexa9_0' is selected.
21:03:40 INFO  : The application 'C:/Users/davle/Documents/UBA/CESE/MyS/MyS_tp_FPGA/synth/NCO_tp/NCO_tp.sdk/NCO_sw/Debug/NCO_sw.elf' is downloaded to processor 'ps7_cortexa9_0'.
21:03:40 INFO  : 'configparams force-mem-access 0' command is executed.
21:03:40 INFO  : ----------------XSDB Script----------------
connect -url tcp:127.0.0.1:3121
source C:/Users/davle/Documents/UBA/CESE/MyS/MyS_tp_FPGA/synth/NCO_tp/NCO_tp.sdk/system_wrapper_hw_platform_0/ps7_init.tcl
targets -set -nocase -filter {name =~"APU*" && jtag_cable_name =~ "Digilent Arty Z7 003017BB0A78A"} -index 0
loadhw -hw C:/Users/davle/Documents/UBA/CESE/MyS/MyS_tp_FPGA/synth/NCO_tp/NCO_tp.sdk/system_wrapper_hw_platform_0/system.hdf -mem-ranges [list {0x40000000 0xbfffffff}]
configparams force-mem-access 1
targets -set -nocase -filter {name =~"APU*" && jtag_cable_name =~ "Digilent Arty Z7 003017BB0A78A"} -index 0
stop
ps7_init
ps7_post_config
targets -set -nocase -filter {name =~ "ARM*#0" && jtag_cable_name =~ "Digilent Arty Z7 003017BB0A78A"} -index 0
rst -processor
targets -set -nocase -filter {name =~ "ARM*#0" && jtag_cable_name =~ "Digilent Arty Z7 003017BB0A78A"} -index 0
dow C:/Users/davle/Documents/UBA/CESE/MyS/MyS_tp_FPGA/synth/NCO_tp/NCO_tp.sdk/NCO_sw/Debug/NCO_sw.elf
configparams force-mem-access 0
----------------End of Script----------------

21:03:40 INFO  : Context for processor 'ps7_cortexa9_0' is selected.
21:03:40 INFO  : 'con' command is executed.
21:03:40 INFO  : ----------------XSDB Script (After Launch)----------------
targets -set -nocase -filter {name =~ "ARM*#0" && jtag_cable_name =~ "Digilent Arty Z7 003017BB0A78A"} -index 0
con
----------------End of Script----------------

21:03:40 INFO  : Disconnected from the channel tcfchan#1.
21:04:14 INFO  : Connected to target on host '127.0.0.1' and port '3121'.
21:04:14 INFO  : 'targets -set -filter {jtag_cable_name =~ "Digilent Arty Z7 003017BB0A78A" && level==0} -index 1' command is executed.
21:04:15 INFO  : FPGA configured successfully with bitstream "C:/Users/davle/Documents/UBA/CESE/MyS/MyS_tp_FPGA/synth/NCO_tp/NCO_tp.sdk/system_wrapper_hw_platform_0/system_wrapper.bit"
21:04:22 INFO  : 'targets -set -filter {jtag_cable_name =~ "Digilent Arty Z7 003017BB0A78A" && level==0} -index 1' command is executed.
21:04:22 INFO  : 'fpga -state' command is executed.
21:04:22 INFO  : Connected to target on host '127.0.0.1' and port '3121'.
21:04:22 INFO  : Jtag cable 'Digilent Arty Z7 003017BB0A78A' is selected.
21:04:22 INFO  : 'jtag frequency' command is executed.
21:04:22 INFO  : Sourcing of 'C:/Users/davle/Documents/UBA/CESE/MyS/MyS_tp_FPGA/synth/NCO_tp/NCO_tp.sdk/system_wrapper_hw_platform_0/ps7_init.tcl' is done.
21:04:22 INFO  : Context for 'APU' is selected.
21:04:22 INFO  : Hardware design information is loaded from 'C:/Users/davle/Documents/UBA/CESE/MyS/MyS_tp_FPGA/synth/NCO_tp/NCO_tp.sdk/system_wrapper_hw_platform_0/system.hdf'.
21:04:22 INFO  : 'configparams force-mem-access 1' command is executed.
21:04:22 INFO  : Context for 'APU' is selected.
21:04:22 INFO  : 'stop' command is executed.
21:04:22 INFO  : 'ps7_init' command is executed.
21:04:22 INFO  : 'ps7_post_config' command is executed.
21:04:22 INFO  : Context for processor 'ps7_cortexa9_0' is selected.
21:04:22 INFO  : Processor reset is completed for 'ps7_cortexa9_0'.
21:04:22 INFO  : Context for processor 'ps7_cortexa9_0' is selected.
21:04:23 INFO  : The application 'C:/Users/davle/Documents/UBA/CESE/MyS/MyS_tp_FPGA/synth/NCO_tp/NCO_tp.sdk/NCO_sw/Debug/NCO_sw.elf' is downloaded to processor 'ps7_cortexa9_0'.
21:04:23 INFO  : 'configparams force-mem-access 0' command is executed.
21:04:23 INFO  : ----------------XSDB Script----------------
connect -url tcp:127.0.0.1:3121
source C:/Users/davle/Documents/UBA/CESE/MyS/MyS_tp_FPGA/synth/NCO_tp/NCO_tp.sdk/system_wrapper_hw_platform_0/ps7_init.tcl
targets -set -nocase -filter {name =~"APU*" && jtag_cable_name =~ "Digilent Arty Z7 003017BB0A78A"} -index 0
loadhw -hw C:/Users/davle/Documents/UBA/CESE/MyS/MyS_tp_FPGA/synth/NCO_tp/NCO_tp.sdk/system_wrapper_hw_platform_0/system.hdf -mem-ranges [list {0x40000000 0xbfffffff}]
configparams force-mem-access 1
targets -set -nocase -filter {name =~"APU*" && jtag_cable_name =~ "Digilent Arty Z7 003017BB0A78A"} -index 0
stop
ps7_init
ps7_post_config
targets -set -nocase -filter {name =~ "ARM*#0" && jtag_cable_name =~ "Digilent Arty Z7 003017BB0A78A"} -index 0
rst -processor
targets -set -nocase -filter {name =~ "ARM*#0" && jtag_cable_name =~ "Digilent Arty Z7 003017BB0A78A"} -index 0
dow C:/Users/davle/Documents/UBA/CESE/MyS/MyS_tp_FPGA/synth/NCO_tp/NCO_tp.sdk/NCO_sw/Debug/NCO_sw.elf
configparams force-mem-access 0
----------------End of Script----------------

21:04:23 INFO  : Context for processor 'ps7_cortexa9_0' is selected.
21:04:23 INFO  : 'con' command is executed.
21:04:23 INFO  : ----------------XSDB Script (After Launch)----------------
targets -set -nocase -filter {name =~ "ARM*#0" && jtag_cable_name =~ "Digilent Arty Z7 003017BB0A78A"} -index 0
con
----------------End of Script----------------

21:04:23 INFO  : Disconnected from the channel tcfchan#2.
23:03:09 INFO  : Registering command handlers for SDK TCF services
23:03:10 INFO  : Launching XSCT server: xsct.bat -interactive C:\Users\davle\Documents\UBA\CESE\MyS\MyS_tp_FPGA\synth\NCO_tp\NCO_tp.sdk\temp_xsdb_launch_script.tcl
23:03:12 INFO  : XSCT server has started successfully.
23:03:12 INFO  : Successfully done setting XSCT server connection channel  
23:03:12 INFO  : Successfully done setting SDK workspace  
23:03:12 INFO  : Processing command line option -hwspec C:/Users/davle/Documents/UBA/CESE/MyS/MyS_tp_FPGA/synth/NCO_tp/NCO_tp.sdk/system_wrapper.hdf.
23:03:12 INFO  : Checking for hwspec changes in the project system_wrapper_hw_platform_0.
23:40:29 INFO  : Connected to target on host '127.0.0.1' and port '3121'.
23:40:30 INFO  : 'targets -set -filter {jtag_cable_name =~ "Digilent Arty Z7 003017BB0A78A" && level==0} -index 1' command is executed.
23:40:31 INFO  : FPGA configured successfully with bitstream "C:/Users/davle/Documents/UBA/CESE/MyS/MyS_tp_FPGA/synth/NCO_tp/NCO_tp.sdk/system_wrapper_hw_platform_0/system_wrapper.bit"
23:42:34 INFO  : 'targets -set -filter {jtag_cable_name =~ "Digilent Arty Z7 003017BB0A78A" && level==0} -index 1' command is executed.
23:42:34 INFO  : 'fpga -state' command is executed.
23:42:34 INFO  : Connected to target on host '127.0.0.1' and port '3121'.
23:42:34 INFO  : Jtag cable 'Digilent Arty Z7 003017BB0A78A' is selected.
23:42:34 INFO  : 'jtag frequency' command is executed.
23:42:34 INFO  : Sourcing of 'C:/Users/davle/Documents/UBA/CESE/MyS/MyS_tp_FPGA/synth/NCO_tp/NCO_tp.sdk/system_wrapper_hw_platform_0/ps7_init.tcl' is done.
23:42:34 INFO  : Context for 'APU' is selected.
23:42:34 INFO  : Hardware design information is loaded from 'C:/Users/davle/Documents/UBA/CESE/MyS/MyS_tp_FPGA/synth/NCO_tp/NCO_tp.sdk/system_wrapper_hw_platform_0/system.hdf'.
23:42:34 INFO  : 'configparams force-mem-access 1' command is executed.
23:42:34 INFO  : Context for 'APU' is selected.
23:42:35 INFO  : 'stop' command is executed.
23:42:35 INFO  : 'ps7_init' command is executed.
23:42:35 INFO  : 'ps7_post_config' command is executed.
23:42:35 INFO  : Context for processor 'ps7_cortexa9_0' is selected.
23:42:35 INFO  : Processor reset is completed for 'ps7_cortexa9_0'.
23:42:35 INFO  : Context for processor 'ps7_cortexa9_0' is selected.
23:42:35 INFO  : The application 'C:/Users/davle/Documents/UBA/CESE/MyS/MyS_tp_FPGA/synth/NCO_tp/NCO_tp.sdk/NCO_sw/Debug/NCO_sw.elf' is downloaded to processor 'ps7_cortexa9_0'.
23:42:35 INFO  : 'configparams force-mem-access 0' command is executed.
23:42:35 INFO  : ----------------XSDB Script----------------
connect -url tcp:127.0.0.1:3121
source C:/Users/davle/Documents/UBA/CESE/MyS/MyS_tp_FPGA/synth/NCO_tp/NCO_tp.sdk/system_wrapper_hw_platform_0/ps7_init.tcl
targets -set -nocase -filter {name =~"APU*" && jtag_cable_name =~ "Digilent Arty Z7 003017BB0A78A"} -index 0
loadhw -hw C:/Users/davle/Documents/UBA/CESE/MyS/MyS_tp_FPGA/synth/NCO_tp/NCO_tp.sdk/system_wrapper_hw_platform_0/system.hdf -mem-ranges [list {0x40000000 0xbfffffff}]
configparams force-mem-access 1
targets -set -nocase -filter {name =~"APU*" && jtag_cable_name =~ "Digilent Arty Z7 003017BB0A78A"} -index 0
stop
ps7_init
ps7_post_config
targets -set -nocase -filter {name =~ "ARM*#0" && jtag_cable_name =~ "Digilent Arty Z7 003017BB0A78A"} -index 0
rst -processor
targets -set -nocase -filter {name =~ "ARM*#0" && jtag_cable_name =~ "Digilent Arty Z7 003017BB0A78A"} -index 0
dow C:/Users/davle/Documents/UBA/CESE/MyS/MyS_tp_FPGA/synth/NCO_tp/NCO_tp.sdk/NCO_sw/Debug/NCO_sw.elf
configparams force-mem-access 0
----------------End of Script----------------

23:42:35 INFO  : Context for processor 'ps7_cortexa9_0' is selected.
23:42:35 INFO  : 'con' command is executed.
23:42:35 INFO  : ----------------XSDB Script (After Launch)----------------
targets -set -nocase -filter {name =~ "ARM*#0" && jtag_cable_name =~ "Digilent Arty Z7 003017BB0A78A"} -index 0
con
----------------End of Script----------------

23:42:35 INFO  : Disconnected from the channel tcfchan#1.
